<?xml version="1.0" encoding="UTF-8"?>
<testsuite name="main.prac5.Prac5ApplicationTests" tests="1" skipped="0" failures="0" errors="0" timestamp="2024-11-27T01:06:03" hostname="WIN-3UUTVP7D0ER" time="1.445">
  <properties/>
  <testcase name="contextLoads()" classname="main.prac5.Prac5ApplicationTests" time="1.445"/>
  <system-out><![CDATA[04:05:51.290 [Test worker] INFO org.springframework.test.context.support.AnnotationConfigContextLoaderUtils -- Could not detect default configuration classes for test class [main.prac5.Prac5ApplicationTests]: Prac5ApplicationTests does not declare any static, non-private, non-final, nested classes annotated with @Configuration.
04:05:51.589 [Test worker] INFO org.springframework.boot.test.context.SpringBootTestContextBootstrapper -- Found @SpringBootConfiguration main.prac5.Prac5Application for test class main.prac5.Prac5ApplicationTests

  .   ____          _            __ _ _
 /\\ / ___'_ __ _ _(_)_ __  __ _ \ \ \ \
( ( )\___ | '_ | '_| | '_ \/ _` | \ \ \ \
 \\/  ___)| |_)| | | | | || (_| |  ) ) ) )
  '  |____| .__|_| |_|_| |_\__, | / / / /
 =========|_|==============|___/=/_/_/_/

 :: Spring Boot ::                (v3.4.0)

2024-11-27T04:05:52.371+03:00  INFO 43828 --- [prac5] [    Test worker] main.prac5.Prac5ApplicationTests         : Starting Prac5ApplicationTests using Java 23.0.1 with PID 43828 (started by shumila in D:\code\5\АКСП\prac5)
2024-11-27T04:05:52.379+03:00  INFO 43828 --- [prac5] [    Test worker] main.prac5.Prac5ApplicationTests         : No active profile set, falling back to 1 default profile: "default"
2024-11-27T04:05:53.537+03:00  INFO 43828 --- [prac5] [    Test worker] .s.d.r.c.RepositoryConfigurationDelegate : Bootstrapping Spring Data JPA repositories in DEFAULT mode.
2024-11-27T04:05:53.657+03:00  INFO 43828 --- [prac5] [    Test worker] .s.d.r.c.RepositoryConfigurationDelegate : Finished Spring Data repository scanning in 103 ms. Found 1 JPA repository interface.
2024-11-27T04:05:57.031+03:00  INFO 43828 --- [prac5] [    Test worker] o.hibernate.jpa.internal.util.LogHelper  : HHH000204: Processing PersistenceUnitInfo [name: default]
2024-11-27T04:05:57.137+03:00  INFO 43828 --- [prac5] [    Test worker] org.hibernate.Version                    : HHH000412: Hibernate ORM core version 6.6.2.Final
2024-11-27T04:05:57.231+03:00  INFO 43828 --- [prac5] [    Test worker] o.h.c.internal.RegionFactoryInitiator    : HHH000026: Second-level cache disabled
2024-11-27T04:05:57.772+03:00  INFO 43828 --- [prac5] [    Test worker] o.s.o.j.p.SpringPersistenceUnitInfo      : No LoadTimeWeaver setup: ignoring JPA class transformer
2024-11-27T04:05:57.813+03:00  INFO 43828 --- [prac5] [    Test worker] com.zaxxer.hikari.HikariDataSource       : HikariPool-1 - Starting...
2024-11-27T04:05:58.074+03:00  INFO 43828 --- [prac5] [    Test worker] com.zaxxer.hikari.pool.HikariPool        : HikariPool-1 - Added connection org.postgresql.jdbc.PgConnection@65af05b2
2024-11-27T04:05:58.080+03:00  INFO 43828 --- [prac5] [    Test worker] com.zaxxer.hikari.HikariDataSource       : HikariPool-1 - Start completed.
2024-11-27T04:05:58.205+03:00  INFO 43828 --- [prac5] [    Test worker] org.hibernate.orm.connections.pooling    : HHH10001005: Database info:
	Database JDBC URL [Connecting through datasource 'HikariDataSource (HikariPool-1)']
	Database driver: undefined/unknown
	Database version: 16.2
	Autocommit mode: undefined/unknown
	Isolation level: undefined/unknown
	Minimum pool size: undefined/unknown
	Maximum pool size: undefined/unknown
2024-11-27T04:06:00.077+03:00  INFO 43828 --- [prac5] [    Test worker] o.h.e.t.j.p.i.JtaPlatformInitiator       : HHH000489: No JTA platform available (set 'hibernate.transaction.jta.platform' to enable JTA platform integration)
2024-11-27T04:06:00.139+03:00  INFO 43828 --- [prac5] [    Test worker] j.LocalContainerEntityManagerFactoryBean : Initialized JPA EntityManagerFactory for persistence unit 'default'
2024-11-27T04:06:01.700+03:00  WARN 43828 --- [prac5] [    Test worker] JpaBaseConfiguration$JpaWebConfiguration : spring.jpa.open-in-view is enabled by default. Therefore, database queries may be performed during view rendering. Explicitly configure spring.jpa.open-in-view to disable this warning
2024-11-27T04:06:01.893+03:00  INFO 43828 --- [prac5] [    Test worker] o.s.b.a.w.s.WelcomePageHandlerMapping    : Adding welcome page: class path resource [static/index.html]
2024-11-27T04:06:03.651+03:00  INFO 43828 --- [prac5] [    Test worker] main.prac5.Prac5ApplicationTests         : Started Prac5ApplicationTests in 11.767 seconds (process running for 13.787)
]]></system-out>
  <system-err><![CDATA[Mockito is currently self-attaching to enable the inline-mock-maker. This will no longer work in future releases of the JDK. Please add Mockito as an agent to your build what is described in Mockito's documentation: https://javadoc.io/doc/org.mockito/mockito-core/latest/org/mockito/Mockito.html#0.3
WARNING: A Java agent has been loaded dynamically (C:\Users\shumila\.gradle\caches\modules-2\files-2.1\net.bytebuddy\byte-buddy-agent\1.15.10\e8eb255b2c378b9a6c7341e7b0e12f0a5636377\byte-buddy-agent-1.15.10.jar)
WARNING: If a serviceability tool is in use, please run with -XX:+EnableDynamicAgentLoading to hide this warning
WARNING: If a serviceability tool is not in use, please run with -Djdk.instrument.traceUsage for more information
WARNING: Dynamic loading of agents will be disallowed by default in a future release
]]></system-err>
</testsuite>
